  main.c
c:\users\jesus\desktop\p3host\p3host\main.c(54): warning C4047: 'función': 'char' es distinto en los niveles de direccionamiento indirecto de 'char [2]'
c:\users\jesus\desktop\p3host\p3host\main.c(54): warning C4024: 'openFile': tipos distintos para el parámetro formal y el parámetro real 2
c:\users\jesus\desktop\p3host\p3host\main.c(62): warning C4996: 'strcpy': This function or variable may be unsafe. Consider using strcpy_s instead. To disable deprecation, use _CRT_SECURE_NO_WARNINGS. See online help for details.
  c:\program files (x86)\windows kits\10\include\10.0.17763.0\ucrt\string.h(133): note: vea la declaración de 'strcpy'
c:\users\jesus\desktop\p3host\p3host\main.c(89): warning C4047: 'función': 'char' es distinto en los niveles de direccionamiento indirecto de 'char [2]'
c:\users\jesus\desktop\p3host\p3host\main.c(89): warning C4024: 'openFile': tipos distintos para el parámetro formal y el parámetro real 2
c:\users\jesus\desktop\p3host\p3host\main.c(107): warning C4018: '<': no coinciden signed/unsigned
c:\users\jesus\desktop\p3host\p3host\main.c(103): warning C4996: 'strcpy': This function or variable may be unsafe. Consider using strcpy_s instead. To disable deprecation, use _CRT_SECURE_NO_WARNINGS. See online help for details.
  c:\program files (x86)\windows kits\10\include\10.0.17763.0\ucrt\string.h(133): note: vea la declaración de 'strcpy'
c:\users\jesus\desktop\p3host\p3host\main.c(156): warning C4047: 'función': 'char' es distinto en los niveles de direccionamiento indirecto de 'char [2]'
c:\users\jesus\desktop\p3host\p3host\main.c(156): warning C4024: 'openFile': tipos distintos para el parámetro formal y el parámetro real 2
c:\users\jesus\desktop\p3host\p3host\main.c(159): warning C4047: 'función': 'char' es distinto en los niveles de direccionamiento indirecto de 'char [2]'
c:\users\jesus\desktop\p3host\p3host\main.c(159): warning C4024: 'openFile': tipos distintos para el parámetro formal y el parámetro real 2
c:\users\jesus\desktop\p3host\p3host\main.c(155): warning C4996: 'strcpy': This function or variable may be unsafe. Consider using strcpy_s instead. To disable deprecation, use _CRT_SECURE_NO_WARNINGS. See online help for details.
  c:\program files (x86)\windows kits\10\include\10.0.17763.0\ucrt\string.h(133): note: vea la declaración de 'strcpy'
c:\users\jesus\desktop\p3host\p3host\main.c(167): warning C4996: 'strcpy': This function or variable may be unsafe. Consider using strcpy_s instead. To disable deprecation, use _CRT_SECURE_NO_WARNINGS. See online help for details.
  c:\program files (x86)\windows kits\10\include\10.0.17763.0\ucrt\string.h(133): note: vea la declaración de 'strcpy'
c:\users\jesus\desktop\p3host\p3host\main.c(198): warning C4047: 'función': 'char' es distinto en los niveles de direccionamiento indirecto de 'char [2]'
c:\users\jesus\desktop\p3host\p3host\main.c(198): warning C4024: 'openFile': tipos distintos para el parámetro formal y el parámetro real 2
c:\users\jesus\desktop\p3host\p3host\main.c(199): warning C4047: 'función': 'char' es distinto en los niveles de direccionamiento indirecto de 'char [2]'
c:\users\jesus\desktop\p3host\p3host\main.c(199): warning C4024: 'openFile': tipos distintos para el parámetro formal y el parámetro real 2
c:\users\jesus\desktop\p3host\p3host\main.c(207): warning C4996: 'strcpy': This function or variable may be unsafe. Consider using strcpy_s instead. To disable deprecation, use _CRT_SECURE_NO_WARNINGS. See online help for details.
  c:\program files (x86)\windows kits\10\include\10.0.17763.0\ucrt\string.h(133): note: vea la declaración de 'strcpy'
c:\users\jesus\desktop\p3host\p3host\main.c(235): warning C4996: 'strcpy': This function or variable may be unsafe. Consider using strcpy_s instead. To disable deprecation, use _CRT_SECURE_NO_WARNINGS. See online help for details.
  c:\program files (x86)\windows kits\10\include\10.0.17763.0\ucrt\string.h(133): note: vea la declaración de 'strcpy'
c:\users\jesus\desktop\p3host\p3host\main.c(24): warning C4172: devolución de dirección de la variable local o temporal: pathfile
c:\users\jesus\desktop\p3host\p3host\main.c(39): warning C4172: devolución de dirección de la variable local o temporal: pathfile
  P3Host.vcxproj -> C:\Users\jesus\Desktop\P3Host\P3Host\Debug\P3Host.exe
